  0.000 | [RGL] Startup...
  0.038 | [RGL] Current video mode : 1920 x 1080
  0.038 | [RGL] Going for video mode 1280 x 720 (fullscreen)
  0.038 | [RGL] Using current resolution for fullscreen: 1920 x 1080
  0.038 | [RGL] Using 4xMSAA for antialiasing
  0.038 | [RGL] Z-buffer depth: 24 bits
  0.039 | [RGL] Attempting to auto-configure profile version...
  0.039 | [RGL] Windows OS detected (Windows 10)
  0.041 | [RGL] Trying to set OpenGL context version 3.1 (mask = 0x0, flags = 0x0)
  0.316 | [RGL] VSync ON
  0.317 | [RGL] Renderer : Intel(R) HD Graphics 620
  0.317 | [RGL] Version  : 3.1.0 - Build 23.20.16.4973
  0.317 | [RGL] Vendor   : Intel
  0.318 | [RGL] Max HW tex size : 16384
  0.318 | [RGL] Max HW cubemap size : 16384
  0.318 | [RGL] Fragment texture units : 32
  0.319 | [RGL] Vertex texture units : 32
  0.338 | [RGL] Simple shader ID = 3
  0.345 | [RGL] GUI shader ID = 6
  0.352 | [RGL] Color shader ID = 9
  0.360 | [RGL] OpenGL init ok, window opened
  0.360 | [RGL] Init done, now running
  0.361 | [RGL] System init done
  1.721 | [RGL] Loaded shader program (shaders/monkey-vert.glsl / shaders/monkey-frag.glsl)
  1.721 | [RGL] Game shader 'monkey' loaded
  1.721 | [RGL] Couldn't open vertex shader source file : shaders/pyramid-vert.glsl
  1.722 | [RGL] Failed to load game shader 'pyramid' ('shaders/pyramid-vert.glsl' / 'shaders/pyramid-frag.glsl')
  1.731 | [RGL] Loaded shader program (shaders/cube-vert.glsl / shaders/cube-frag.glsl)
  1.732 | [RGL] Game shader 'cube' loaded
  1.742 | [RGL] Loaded shader program (shaders/ghost2-vert.glsl / shaders/ghost2-frag.glsl)
  1.742 | [RGL] Game shader 'ghost2' loaded
  1.752 | [RGL] Loaded shader program (shaders/blend-vert.glsl / shaders/blend-frag.glsl)
  1.752 | [RGL] Game shader 'blend' loaded
  2.762 | [RGL] Skybox textures loaded (textures/Yokohama)
  3.921 | [RGL] Loaded cubemap : textures/Yokohama
  4.022 | [RGL] Model 'models/monkey-smooth.obj' loaded (2904 vertices)
  4.027 | [RGL] Model 'models/blendObject.obj' loaded (90 vertices)
 22.499 | [RGL] User main done
 22.566 | [RGL] Goodbye!
